<?xml version="1.0" encoding="UTF-8"?>
<testng-results skipped="0" failed="0" total="1" passed="1">
  <reporter-output>
  </reporter-output>
  <suite name="Default suite" duration-ms="72096" started-at="2016-04-25T07:35:06Z" finished-at="2016-04-25T07:36:18Z">
    <groups>
    </groups>
    <test name="Default test" duration-ms="72096" started-at="2016-04-25T07:35:06Z" finished-at="2016-04-25T07:36:18Z">
      <class name="test.LunchBrowserTest">
        <test-method status="PASS" signature="chromeBrowserTest()[pri:0, instance:test.LunchBrowserTest@1ee9faa]" name="chromeBrowserTest" duration-ms="71986" started-at="2016-04-25T13:05:06Z" finished-at="2016-04-25T13:06:18Z">
          <reporter-output>
          </reporter-output>
        </test-method> <!-- chromeBrowserTest -->
      </class> <!-- test.LunchBrowserTest -->
    </test> <!-- Default test -->
  </suite> <!-- Default suite -->
</testng-results>
